<?xml version="1.0" encoding="UTF-8"?>
<testng-results ignored="0" total="2" passed="2" failed="0" skipped="0">
  <reporter-output>
  </reporter-output>
  <suite started-at="2021-06-24T23:22:49 EDT" name="Default suite" finished-at="2021-06-24T23:23:02 EDT" duration-ms="12938">
    <groups>
    </groups>
    <test started-at="2021-06-24T23:22:49 EDT" name="Default test" finished-at="2021-06-24T23:23:02 EDT" duration-ms="12938">
      <class name="project1.A2project">
        <test-method is-config="true" signature="setUpClass()[pri:0, instance:project1.A2project@6a370f4]" started-at="2021-06-24T23:22:49 EDT" name="setUpClass" finished-at="2021-06-24T23:22:49 EDT" duration-ms="21" status="PASS">
          <reporter-output>
          </reporter-output>
        </test-method> <!-- setUpClass -->
        <test-method signature="buttons()[pri:0, instance:project1.A2project@6a370f4]" started-at="2021-06-24T23:22:49 EDT" name="buttons" finished-at="2021-06-24T23:22:56 EDT" duration-ms="6826" status="PASS">
          <reporter-output>
          </reporter-output>
        </test-method> <!-- buttons -->
        <test-method signature="imagess()[pri:0, instance:project1.A2project@6a370f4]" started-at="2021-06-24T23:22:56 EDT" name="imagess" finished-at="2021-06-24T23:23:01 EDT" duration-ms="5959" status="PASS">
          <reporter-output>
          </reporter-output>
        </test-method> <!-- imagess -->
      </class> <!-- project1.A2project -->
    </test> <!-- Default test -->
  </suite> <!-- Default suite -->
</testng-results>
